{"C:\\Users\\joeyd\\Desktop\\SOA3\\bioscoop-soa3-sonarcloud\\src\\movie.ts": {"path":"C:\\Users\\joeyd\\Desktop\\SOA3\\bioscoop-soa3-sonarcloud\\src\\movie.ts","statementMap":{"0":{"start":{"line":3,"column":0},"end":{"line":3,"column":13}},"1":{"start":{"line":5,"column":10},"end":{"line":5,"column":77}},"2":{"start":{"line":8,"column":4},"end":{"line":8,"column":23}},"3":{"start":{"line":11,"column":9},"end":{"line":13,"column":null}},"4":{"start":{"line":12,"column":4},"end":{"line":12,"column":41}},"5":{"start":{"line":15,"column":9},"end":{"line":17,"column":null}},"6":{"start":{"line":16,"column":4},"end":{"line":16,"column":null}},"7":{"start":{"line":18,"column":0},"end":{"line":18,"column":null}},"8":{"start":{"line":3,"column":13},"end":{"line":3,"column":18}}},"fnMap":{"0":{"name":"(anonymous_0)","decl":{"start":{"line":3,"column":0},"end":{"line":3,"column":13}},"loc":{"start":{"line":3,"column":0},"end":{"line":18,"column":null}}},"1":{"name":"Movie","decl":{"start":{"line":7,"column":2},"end":{"line":7,"column":14}},"loc":{"start":{"line":7,"column":27},"end":{"line":9,"column":3}}},"2":{"name":"(anonymous_2)","decl":{"start":{"line":11,"column":2},"end":{"line":11,"column":9}},"loc":{"start":{"line":11,"column":47},"end":{"line":13,"column":3}}},"3":{"name":"(anonymous_3)","decl":{"start":{"line":15,"column":2},"end":{"line":15,"column":9}},"loc":{"start":{"line":15,"column":2},"end":{"line":17,"column":3}}}},"branchMap":{},"s":{"0":1,"1":9,"2":9,"3":1,"4":9,"5":1,"6":0,"7":1,"8":1},"f":{"0":1,"1":9,"2":9,"3":0},"b":{}}
,"C:\\Users\\joeyd\\Desktop\\SOA3\\bioscoop-soa3-sonarcloud\\src\\movieScreening.ts": {"path":"C:\\Users\\joeyd\\Desktop\\SOA3\\bioscoop-soa3-sonarcloud\\src\\movieScreening.ts","statementMap":{"0":{"start":{"line":3,"column":0},"end":{"line":3,"column":13}},"1":{"start":{"line":9,"column":4},"end":{"line":9,"column":35}},"2":{"start":{"line":10,"column":4},"end":{"line":10,"column":37}},"3":{"start":{"line":13,"column":9},"end":{"line":15,"column":null}},"4":{"start":{"line":14,"column":4},"end":{"line":14,"column":29}},"5":{"start":{"line":17,"column":9},"end":{"line":19,"column":null}},"6":{"start":{"line":18,"column":4},"end":{"line":18,"column":28}},"7":{"start":{"line":21,"column":9},"end":{"line":25,"column":null}},"8":{"start":{"line":22,"column":4},"end":{"line":24,"column":7}},"9":{"start":{"line":26,"column":0},"end":{"line":26,"column":null}},"10":{"start":{"line":3,"column":13},"end":{"line":3,"column":27}}},"fnMap":{"0":{"name":"(anonymous_0)","decl":{"start":{"line":3,"column":0},"end":{"line":3,"column":13}},"loc":{"start":{"line":3,"column":0},"end":{"line":26,"column":null}}},"1":{"name":"MovieScreening","decl":{"start":{"line":8,"column":2},"end":{"line":8,"column":21}},"loc":{"start":{"line":8,"column":74},"end":{"line":11,"column":3}}},"2":{"name":"(anonymous_2)","decl":{"start":{"line":13,"column":2},"end":{"line":13,"column":9}},"loc":{"start":{"line":13,"column":2},"end":{"line":15,"column":3}}},"3":{"name":"(anonymous_3)","decl":{"start":{"line":17,"column":2},"end":{"line":17,"column":9}},"loc":{"start":{"line":17,"column":2},"end":{"line":19,"column":3}}},"4":{"name":"(anonymous_4)","decl":{"start":{"line":21,"column":2},"end":{"line":21,"column":9}},"loc":{"start":{"line":21,"column":2},"end":{"line":25,"column":3}}}},"branchMap":{},"s":{"0":1,"1":9,"2":9,"3":1,"4":26,"5":1,"6":7,"7":1,"8":0,"9":1,"10":1},"f":{"0":1,"1":9,"2":26,"3":7,"4":0},"b":{}}
,"C:\\Users\\joeyd\\Desktop\\SOA3\\bioscoop-soa3-sonarcloud\\src\\movieTicket.ts": {"path":"C:\\Users\\joeyd\\Desktop\\SOA3\\bioscoop-soa3-sonarcloud\\src\\movieTicket.ts","statementMap":{"0":{"start":{"line":3,"column":0},"end":{"line":3,"column":13}},"1":{"start":{"line":15,"column":4},"end":{"line":15,"column":23}},"2":{"start":{"line":16,"column":4},"end":{"line":16,"column":25}},"3":{"start":{"line":17,"column":4},"end":{"line":17,"column":41}},"4":{"start":{"line":18,"column":4},"end":{"line":18,"column":53}},"5":{"start":{"line":21,"column":9},"end":{"line":24,"column":null}},"6":{"start":{"line":23,"column":4},"end":{"line":23,"column":37}},"7":{"start":{"line":26,"column":9},"end":{"line":28,"column":null}},"8":{"start":{"line":27,"column":4},"end":{"line":27,"column":49}},"9":{"start":{"line":30,"column":9},"end":{"line":32,"column":null}},"10":{"start":{"line":31,"column":4},"end":{"line":31,"column":31}},"11":{"start":{"line":34,"column":9},"end":{"line":40,"column":null}},"12":{"start":{"line":35,"column":4},"end":{"line":39,"column":73}},"13":{"start":{"line":41,"column":0},"end":{"line":41,"column":null}},"14":{"start":{"line":3,"column":13},"end":{"line":3,"column":24}}},"fnMap":{"0":{"name":"(anonymous_0)","decl":{"start":{"line":3,"column":0},"end":{"line":3,"column":13}},"loc":{"start":{"line":3,"column":0},"end":{"line":41,"column":null}}},"1":{"name":"MovieTicket","decl":{"start":{"line":9,"column":2},"end":{"line":9,"column":null}},"loc":{"start":{"line":13,"column":18},"end":{"line":19,"column":3}}},"2":{"name":"(anonymous_2)","decl":{"start":{"line":21,"column":2},"end":{"line":21,"column":9}},"loc":{"start":{"line":21,"column":2},"end":{"line":24,"column":3}}},"3":{"name":"(anonymous_3)","decl":{"start":{"line":26,"column":2},"end":{"line":26,"column":9}},"loc":{"start":{"line":26,"column":2},"end":{"line":28,"column":3}}},"4":{"name":"(anonymous_4)","decl":{"start":{"line":30,"column":2},"end":{"line":30,"column":9}},"loc":{"start":{"line":30,"column":2},"end":{"line":32,"column":3}}},"5":{"name":"(anonymous_5)","decl":{"start":{"line":34,"column":2},"end":{"line":34,"column":9}},"loc":{"start":{"line":34,"column":2},"end":{"line":40,"column":3}}}},"branchMap":{"0":{"loc":{"start":{"line":36,"column":6},"end":{"line":36,"column":49}},"type":"cond-expr","locations":[{"start":{"line":36,"column":34},"end":{"line":36,"column":44}},{"start":{"line":36,"column":47},"end":{"line":36,"column":49}}]}},"s":{"0":1,"1":26,"2":26,"3":26,"4":26,"5":1,"6":26,"7":1,"8":26,"9":1,"10":7,"11":1,"12":0,"13":1,"14":1},"f":{"0":1,"1":26,"2":26,"3":26,"4":7,"5":0},"b":{"0":[0,0]}}
,"C:\\Users\\joeyd\\Desktop\\SOA3\\bioscoop-soa3-sonarcloud\\src\\order.ts": {"path":"C:\\Users\\joeyd\\Desktop\\SOA3\\bioscoop-soa3-sonarcloud\\src\\order.ts","statementMap":{"0":{"start":{"line":2,"column":0},"end":{"line":2,"column":58}},"1":{"start":{"line":3,"column":0},"end":{"line":3,"column":25}},"2":{"start":{"line":5,"column":0},"end":{"line":5,"column":13}},"3":{"start":{"line":8,"column":10},"end":{"line":8,"column":74}},"4":{"start":{"line":11,"column":4},"end":{"line":11,"column":27}},"5":{"start":{"line":12,"column":4},"end":{"line":12,"column":41}},"6":{"start":{"line":15,"column":9},"end":{"line":17,"column":null}},"7":{"start":{"line":16,"column":4},"end":{"line":16,"column":24}},"8":{"start":{"line":19,"column":9},"end":{"line":21,"column":null}},"9":{"start":{"line":20,"column":4},"end":{"line":20,"column":39}},"10":{"start":{"line":23,"column":9},"end":{"line":48,"column":null}},"11":{"start":{"line":24,"column":21},"end":{"line":24,"column":24}},"12":{"start":{"line":25,"column":21},"end":{"line":25,"column":48}},"13":{"start":{"line":26,"column":29},"end":{"line":26,"column":54}},"14":{"start":{"line":28,"column":4},"end":{"line":40,"column":null}},"15":{"start":{"line":28,"column":17},"end":{"line":28,"column":18}},"16":{"start":{"line":29,"column":19},"end":{"line":29,"column":43}},"17":{"start":{"line":30,"column":24},"end":{"line":32,"column":27}},"18":{"start":{"line":33,"column":6},"end":{"line":39,"column":null}},"19":{"start":{"line":34,"column":8},"end":{"line":36,"column":null}},"20":{"start":{"line":35,"column":10},"end":{"line":35,"column":36}},"21":{"start":{"line":38,"column":8},"end":{"line":38,"column":34}},"22":{"start":{"line":43,"column":4},"end":{"line":45,"column":null}},"23":{"start":{"line":44,"column":6},"end":{"line":44,"column":24}},"24":{"start":{"line":47,"column":4},"end":{"line":47,"column":22}},"25":{"start":{"line":51,"column":10},"end":{"line":58,"column":null}},"26":{"start":{"line":52,"column":37},"end":{"line":52,"column":46}},"27":{"start":{"line":53,"column":4},"end":{"line":57,"column":null}},"28":{"start":{"line":53,"column":23},"end":{"line":53,"column":27}},"29":{"start":{"line":53,"column":23},"end":{"line":53,"column":44}},"30":{"start":{"line":53,"column":19},"end":{"line":53,"column":23}},"31":{"start":{"line":54,"column":31},"end":{"line":54,"column":83}},"32":{"start":{"line":56,"column":6},"end":{"line":56,"column":69}},"33":{"start":{"line":61,"column":10},"end":{"line":66,"column":null}},"34":{"start":{"line":62,"column":26},"end":{"line":62,"column":54}},"35":{"start":{"line":63,"column":4},"end":{"line":65,"column":14}},"36":{"start":{"line":69,"column":10},"end":{"line":71,"column":null}},"37":{"start":{"line":70,"column":4},"end":{"line":70,"column":73}},"38":{"start":{"line":73,"column":9},"end":{"line":102,"column":null}},"39":{"start":{"line":74,"column":4},"end":{"line":101,"column":null}},"40":{"start":{"line":75,"column":6},"end":{"line":84,"column":8}},"41":{"start":{"line":79,"column":10},"end":{"line":81,"column":null}},"42":{"start":{"line":80,"column":12},"end":{"line":80,"column":38}},"43":{"start":{"line":82,"column":10},"end":{"line":82,"column":49}},"44":{"start":{"line":85,"column":11},"end":{"line":101,"column":null}},"45":{"start":{"line":86,"column":22},"end":{"line":86,"column":51}},"46":{"start":{"line":87,"column":6},"end":{"line":96,"column":8}},"47":{"start":{"line":91,"column":10},"end":{"line":93,"column":null}},"48":{"start":{"line":92,"column":12},"end":{"line":92,"column":38}},"49":{"start":{"line":94,"column":10},"end":{"line":94,"column":49}},"50":{"start":{"line":100,"column":6},"end":{"line":100,"column":45}},"51":{"start":{"line":104,"column":9},"end":{"line":106,"column":null}},"52":{"start":{"line":105,"column":4},"end":{"line":105,"column":152}},"53":{"start":{"line":107,"column":0},"end":{"line":107,"column":null}},"54":{"start":{"line":5,"column":13},"end":{"line":5,"column":18}}},"fnMap":{"0":{"name":"(anonymous_6)","decl":{"start":{"line":5,"column":0},"end":{"line":5,"column":13}},"loc":{"start":{"line":5,"column":0},"end":{"line":107,"column":null}}},"1":{"name":"Order","decl":{"start":{"line":10,"column":2},"end":{"line":10,"column":21}},"loc":{"start":{"line":10,"column":61},"end":{"line":13,"column":3}}},"2":{"name":"(anonymous_8)","decl":{"start":{"line":15,"column":2},"end":{"line":15,"column":9}},"loc":{"start":{"line":15,"column":2},"end":{"line":17,"column":3}}},"3":{"name":"(anonymous_9)","decl":{"start":{"line":19,"column":2},"end":{"line":19,"column":9}},"loc":{"start":{"line":19,"column":47},"end":{"line":21,"column":3}}},"4":{"name":"(anonymous_10)","decl":{"start":{"line":23,"column":2},"end":{"line":23,"column":9}},"loc":{"start":{"line":23,"column":2},"end":{"line":48,"column":3}}},"5":{"name":"(anonymous_11)","decl":{"start":{"line":51,"column":2},"end":{"line":51,"column":10}},"loc":{"start":{"line":51,"column":2},"end":{"line":58,"column":3}}},"6":{"name":"(anonymous_12)","decl":{"start":{"line":61,"column":2},"end":{"line":61,"column":10}},"loc":{"start":{"line":61,"column":2},"end":{"line":66,"column":3}}},"7":{"name":"(anonymous_13)","decl":{"start":{"line":69,"column":2},"end":{"line":69,"column":10}},"loc":{"start":{"line":69,"column":2},"end":{"line":71,"column":3}}},"8":{"name":"(anonymous_14)","decl":{"start":{"line":73,"column":2},"end":{"line":73,"column":9}},"loc":{"start":{"line":73,"column":48},"end":{"line":102,"column":3}}},"9":{"name":"(anonymous_15)","decl":{"start":{"line":78,"column":8},"end":{"line":78,"column":18}},"loc":{"start":{"line":78,"column":21},"end":{"line":83,"column":9}}},"10":{"name":"(anonymous_16)","decl":{"start":{"line":90,"column":8},"end":{"line":90,"column":9}},"loc":{"start":{"line":90,"column":12},"end":{"line":95,"column":9}}},"11":{"name":"(anonymous_17)","decl":{"start":{"line":104,"column":2},"end":{"line":104,"column":9}},"loc":{"start":{"line":104,"column":2},"end":{"line":106,"column":3}}}},"branchMap":{"0":{"loc":{"start":{"line":25,"column":21},"end":{"line":25,"column":48}},"type":"cond-expr","locations":[{"start":{"line":25,"column":43},"end":{"line":25,"column":44}},{"start":{"line":25,"column":47},"end":{"line":25,"column":48}}]},"1":{"loc":{"start":{"line":30,"column":24},"end":{"line":32,"column":27}},"type":"cond-expr","locations":[{"start":{"line":31,"column":10},"end":{"line":31,"column":40}},{"start":{"line":32,"column":10},"end":{"line":32,"column":27}}]},"2":{"loc":{"start":{"line":33,"column":6},"end":{"line":39,"column":null}},"type":"if","locations":[{"start":{"line":33,"column":6},"end":{"line":39,"column":null}},{"start":{"line":37,"column":13},"end":{"line":39,"column":null}}]},"3":{"loc":{"start":{"line":34,"column":8},"end":{"line":36,"column":null}},"type":"if","locations":[{"start":{"line":34,"column":8},"end":{"line":36,"column":null}}]},"4":{"loc":{"start":{"line":43,"column":4},"end":{"line":45,"column":null}},"type":"if","locations":[{"start":{"line":43,"column":4},"end":{"line":45,"column":null}}]},"5":{"loc":{"start":{"line":56,"column":13},"end":{"line":56,"column":68}},"type":"cond-expr","locations":[{"start":{"line":56,"column":56},"end":{"line":56,"column":60}},{"start":{"line":56,"column":63},"end":{"line":56,"column":68}}]},"6":{"loc":{"start":{"line":63,"column":11},"end":{"line":65,"column":13}},"type":"cond-expr","locations":[{"start":{"line":64,"column":8},"end":{"line":64,"column":24}},{"start":{"line":65,"column":8},"end":{"line":65,"column":13}}]},"7":{"loc":{"start":{"line":63,"column":11},"end":{"line":63,"column":63}},"type":"binary-expr","locations":[{"start":{"line":63,"column":11},"end":{"line":63,"column":39}},{"start":{"line":63,"column":43},"end":{"line":63,"column":63}}]},"8":{"loc":{"start":{"line":70,"column":11},"end":{"line":70,"column":72}},"type":"cond-expr","locations":[{"start":{"line":70,"column":33},"end":{"line":70,"column":52}},{"start":{"line":70,"column":55},"end":{"line":70,"column":72}}]},"9":{"loc":{"start":{"line":74,"column":4},"end":{"line":101,"column":null}},"type":"if","locations":[{"start":{"line":74,"column":4},"end":{"line":101,"column":null}},{"start":{"line":85,"column":11},"end":{"line":101,"column":null}}]},"10":{"loc":{"start":{"line":79,"column":10},"end":{"line":81,"column":null}},"type":"if","locations":[{"start":{"line":79,"column":10},"end":{"line":81,"column":null}}]},"11":{"loc":{"start":{"line":85,"column":11},"end":{"line":101,"column":null}},"type":"if","locations":[{"start":{"line":85,"column":11},"end":{"line":101,"column":null}},{"start":{"line":99,"column":11},"end":{"line":101,"column":null}}]},"12":{"loc":{"start":{"line":91,"column":10},"end":{"line":93,"column":null}},"type":"if","locations":[{"start":{"line":91,"column":10},"end":{"line":93,"column":null}}]}},"s":{"0":1,"1":1,"2":1,"3":10,"4":10,"5":10,"6":1,"7":1,"8":1,"9":26,"10":1,"11":9,"12":9,"13":9,"14":9,"15":9,"16":26,"17":26,"18":26,"19":16,"20":9,"21":10,"22":9,"23":1,"24":9,"25":1,"26":7,"27":7,"28":7,"29":7,"30":7,"31":7,"32":7,"33":1,"34":9,"35":9,"36":1,"37":9,"38":1,"39":0,"40":0,"41":0,"42":0,"43":0,"44":0,"45":0,"46":0,"47":0,"48":0,"49":0,"50":0,"51":1,"52":0,"53":1,"54":1},"f":{"0":1,"1":10,"2":1,"3":26,"4":9,"5":7,"6":9,"7":9,"8":0,"9":0,"10":0,"11":0},"b":{"0":[4,5],"1":[10,16],"2":[16,10],"3":[9],"4":[1],"5":[5,2],"6":[2,7],"7":[9,5],"8":[4,5],"9":[0,0],"10":[0],"11":[0,0],"12":[0]}}
,"C:\\Users\\joeyd\\Desktop\\SOA3\\bioscoop-soa3-sonarcloud\\src\\ticketExportFormat.ts": {"path":"C:\\Users\\joeyd\\Desktop\\SOA3\\bioscoop-soa3-sonarcloud\\src\\ticketExportFormat.ts","statementMap":{"0":{"start":{"line":1,"column":0},"end":{"line":1,"column":null}},"1":{"start":{"line":2,"column":2},"end":{"line":2,"column":null}},"2":{"start":{"line":3,"column":2},"end":{"line":3,"column":null}}},"fnMap":{"0":{"name":"(anonymous_0)","decl":{"start":{"line":1,"column":0},"end":{"line":1,"column":12}},"loc":{"start":{"line":1,"column":30},"end":{"line":4,"column":1}}}},"branchMap":{"0":{"loc":{"start":{"line":1,"column":12},"end":{"line":1,"column":null}},"type":"binary-expr","locations":[{"start":{"line":1,"column":12},"end":{"line":1,"column":30}},{"start":{"line":1,"column":12},"end":{"line":1,"column":null}}]}},"s":{"0":1,"1":1,"2":1},"f":{"0":1},"b":{"0":[1,1]}}
}
