TN:
SF:src\movie.ts
FN:3,(anonymous_0)
FN:7,Movie
FN:11,(anonymous_2)
FN:15,(anonymous_3)
FNF:4
FNH:3
FNDA:1,(anonymous_0)
FNDA:9,Movie
FNDA:9,(anonymous_2)
FNDA:0,(anonymous_3)
DA:3,1
DA:5,9
DA:8,9
DA:11,1
DA:12,9
DA:15,1
DA:16,0
DA:18,1
LF:8
LH:7
BRF:0
BRH:0
end_of_record
TN:
SF:src\movieScreening.ts
FN:3,(anonymous_0)
FN:8,MovieScreening
FN:13,(anonymous_2)
FN:17,(anonymous_3)
FN:21,(anonymous_4)
FNF:5
FNH:4
FNDA:1,(anonymous_0)
FNDA:9,MovieScreening
FNDA:26,(anonymous_2)
FNDA:7,(anonymous_3)
FNDA:0,(anonymous_4)
DA:3,1
DA:9,9
DA:10,9
DA:13,1
DA:14,26
DA:17,1
DA:18,7
DA:21,1
DA:22,0
DA:26,1
LF:10
LH:9
BRF:0
BRH:0
end_of_record
TN:
SF:src\movieTicket.ts
FN:3,(anonymous_0)
FN:9,MovieTicket
FN:21,(anonymous_2)
FN:26,(anonymous_3)
FN:30,(anonymous_4)
FN:34,(anonymous_5)
FNF:6
FNH:5
FNDA:1,(anonymous_0)
FNDA:26,MovieTicket
FNDA:26,(anonymous_2)
FNDA:26,(anonymous_3)
FNDA:7,(anonymous_4)
FNDA:0,(anonymous_5)
DA:3,1
DA:15,26
DA:16,26
DA:17,26
DA:18,26
DA:21,1
DA:23,26
DA:26,1
DA:27,26
DA:30,1
DA:31,7
DA:34,1
DA:35,0
DA:41,1
LF:14
LH:13
BRDA:36,0,0,0
BRDA:36,0,1,0
BRF:2
BRH:0
end_of_record
TN:
SF:src\order.ts
FN:5,(anonymous_6)
FN:10,Order
FN:15,(anonymous_8)
FN:19,(anonymous_9)
FN:23,(anonymous_10)
FN:51,(anonymous_11)
FN:61,(anonymous_12)
FN:69,(anonymous_13)
FN:73,(anonymous_14)
FN:78,(anonymous_15)
FN:90,(anonymous_16)
FN:104,(anonymous_17)
FNF:12
FNH:8
FNDA:1,(anonymous_6)
FNDA:10,Order
FNDA:1,(anonymous_8)
FNDA:26,(anonymous_9)
FNDA:9,(anonymous_10)
FNDA:7,(anonymous_11)
FNDA:9,(anonymous_12)
FNDA:9,(anonymous_13)
FNDA:0,(anonymous_14)
FNDA:0,(anonymous_15)
FNDA:0,(anonymous_16)
FNDA:0,(anonymous_17)
DA:2,1
DA:3,1
DA:5,1
DA:8,10
DA:11,10
DA:12,10
DA:15,1
DA:16,1
DA:19,1
DA:20,26
DA:23,1
DA:24,9
DA:25,9
DA:26,9
DA:28,9
DA:29,26
DA:30,26
DA:33,26
DA:34,16
DA:35,9
DA:38,10
DA:43,9
DA:44,1
DA:47,9
DA:51,1
DA:52,7
DA:53,7
DA:54,7
DA:56,7
DA:61,1
DA:62,9
DA:63,9
DA:69,1
DA:70,9
DA:73,1
DA:74,0
DA:75,0
DA:79,0
DA:80,0
DA:82,0
DA:85,0
DA:86,0
DA:87,0
DA:91,0
DA:92,0
DA:94,0
DA:100,0
DA:104,1
DA:105,0
DA:107,1
LF:50
LH:37
BRDA:25,0,0,4
BRDA:25,0,1,5
BRDA:30,1,0,10
BRDA:30,1,1,16
BRDA:33,2,0,16
BRDA:33,2,1,10
BRDA:34,3,0,9
BRDA:43,4,0,1
BRDA:56,5,0,5
BRDA:56,5,1,2
BRDA:63,6,0,2
BRDA:63,6,1,7
BRDA:63,7,0,9
BRDA:63,7,1,5
BRDA:70,8,0,4
BRDA:70,8,1,5
BRDA:74,9,0,0
BRDA:74,9,1,0
BRDA:79,10,0,0
BRDA:85,11,0,0
BRDA:85,11,1,0
BRDA:91,12,0,0
BRF:22
BRH:16
end_of_record
TN:
SF:src\ticketExportFormat.ts
FN:1,(anonymous_0)
FNF:1
FNH:1
FNDA:1,(anonymous_0)
DA:1,1
DA:2,1
DA:3,1
LF:3
LH:3
BRDA:1,0,0,1
BRDA:1,0,1,1
BRF:2
BRH:2
end_of_record
